app/build/intermediates/manifest_merge_blame_file/debug/manifest-merger-blame-debug-report.txt
1<?xml version="1.0" encoding="utf-8"?>
2<manifest xmlns:android="http://schemas.android.com/apk/res/android"
3    package="com.lumi.app"
4    android:versionCode="1"
5    android:versionName="1.0.0" >
6
7    <uses-sdk
8        android:minSdkVersion="26"
9        android:targetSdkVersion="34" />
10
11    <!-- Bluetooth -->
12    <uses-permission
12-->src\main\AndroidManifest.xml:5:5-94
13        android:name="android.permission.BLUETOOTH"
13-->src\main\AndroidManifest.xml:5:22-65
14        android:maxSdkVersion="30" />
14-->src\main\AndroidManifest.xml:5:66-92
15    <uses-permission
15-->src\main\AndroidManifest.xml:6:5-100
16        android:name="android.permission.BLUETOOTH_ADMIN"
16-->src\main\AndroidManifest.xml:6:22-71
17        android:maxSdkVersion="30" />
17-->src\main\AndroidManifest.xml:6:72-98
18    <uses-permission
18-->src\main\AndroidManifest.xml:7:5-119
19        android:name="android.permission.BLUETOOTH_SCAN"
19-->src\main\AndroidManifest.xml:7:22-70
20        android:usesPermissionFlags="neverForLocation" />
20-->src\main\AndroidManifest.xml:7:71-117
21    <uses-permission android:name="android.permission.BLUETOOTH_CONNECT" />
21-->src\main\AndroidManifest.xml:8:5-75
21-->src\main\AndroidManifest.xml:8:22-73
22    <uses-permission android:name="android.permission.BLUETOOTH_ADVERTISE" />
22-->src\main\AndroidManifest.xml:9:5-77
22-->src\main\AndroidManifest.xml:9:22-75
23
24    <uses-feature
24-->src\main\AndroidManifest.xml:10:5-89
25        android:name="android.hardware.bluetooth_le"
25-->src\main\AndroidManifest.xml:10:19-63
26        android:required="true" />
26-->src\main\AndroidManifest.xml:10:64-87
27
28    <!-- Audio / Microphone -->
29    <uses-permission android:name="android.permission.RECORD_AUDIO" />
29-->src\main\AndroidManifest.xml:13:5-70
29-->src\main\AndroidManifest.xml:13:22-68
30    <uses-permission android:name="android.permission.MODIFY_AUDIO_SETTINGS" />
30-->src\main\AndroidManifest.xml:14:5-79
30-->src\main\AndroidManifest.xml:14:22-77
31
32    <!-- Camera -->
33    <uses-permission android:name="android.permission.CAMERA" />
33-->src\main\AndroidManifest.xml:17:5-64
33-->src\main\AndroidManifest.xml:17:22-62
34
35    <uses-feature
35-->src\main\AndroidManifest.xml:18:5-84
36        android:name="android.hardware.camera"
36-->src\main\AndroidManifest.xml:18:19-57
37        android:required="false" />
37-->src\main\AndroidManifest.xml:18:58-82
38
39    <!-- Contacts -->
40    <uses-permission android:name="android.permission.READ_CONTACTS" />
40-->src\main\AndroidManifest.xml:21:5-71
40-->src\main\AndroidManifest.xml:21:22-69
41
42    <!-- Notifications & messages -->
43    <uses-permission android:name="android.permission.RECEIVE_SMS" />
43-->src\main\AndroidManifest.xml:24:5-69
43-->src\main\AndroidManifest.xml:24:22-67
44    <uses-permission android:name="android.permission.READ_SMS" />
44-->src\main\AndroidManifest.xml:25:5-66
44-->src\main\AndroidManifest.xml:25:22-64
45    <uses-permission android:name="android.permission.SEND_SMS" />
45-->src\main\AndroidManifest.xml:26:5-66
45-->src\main\AndroidManifest.xml:26:22-64
46    <uses-permission android:name="android.permission.POST_NOTIFICATIONS" />
46-->src\main\AndroidManifest.xml:27:5-76
46-->src\main\AndroidManifest.xml:27:22-74
47    <uses-permission android:name="android.permission.CALL_PHONE" />
47-->src\main\AndroidManifest.xml:28:5-68
47-->src\main\AndroidManifest.xml:28:22-66
48
49    <!-- Alarms / exact timers -->
50    <uses-permission android:name="android.permission.RECEIVE_BOOT_COMPLETED" />
50-->src\main\AndroidManifest.xml:31:5-80
50-->src\main\AndroidManifest.xml:31:22-78
51    <uses-permission android:name="android.permission.USE_EXACT_ALARM" />
51-->src\main\AndroidManifest.xml:32:5-73
51-->src\main\AndroidManifest.xml:32:22-71
52    <uses-permission android:name="android.permission.SCHEDULE_EXACT_ALARM" />
52-->src\main\AndroidManifest.xml:33:5-78
52-->src\main\AndroidManifest.xml:33:22-76
53    <uses-permission android:name="android.permission.SET_ALARM" />
53-->src\main\AndroidManifest.xml:34:5-67
53-->src\main\AndroidManifest.xml:34:22-65
54
55    <!-- System settings control -->
56    <uses-permission android:name="android.permission.WRITE_SETTINGS" />
56-->src\main\AndroidManifest.xml:37:5-72
56-->src\main\AndroidManifest.xml:37:22-70
57    <uses-permission android:name="android.permission.ACCESS_NOTIFICATION_POLICY" />
57-->src\main\AndroidManifest.xml:38:5-84
57-->src\main\AndroidManifest.xml:38:22-82
58    <uses-permission
58-->src\main\AndroidManifest.xml:39:5-106
59        android:name="android.permission.READ_EXTERNAL_STORAGE"
59-->src\main\AndroidManifest.xml:39:22-77
60        android:maxSdkVersion="32" />
60-->src\main\AndroidManifest.xml:39:78-104
61
62    <!-- Calendar -->
63    <uses-permission android:name="android.permission.READ_CALENDAR" />
63-->src\main\AndroidManifest.xml:42:5-71
63-->src\main\AndroidManifest.xml:42:22-69
64    <uses-permission android:name="android.permission.WRITE_CALENDAR" />
64-->src\main\AndroidManifest.xml:43:5-72
64-->src\main\AndroidManifest.xml:43:22-70
65
66    <!-- Internet (Gemini API) -->
67    <uses-permission android:name="android.permission.INTERNET" />
67-->src\main\AndroidManifest.xml:46:5-66
67-->src\main\AndroidManifest.xml:46:22-64
68    <uses-permission android:name="android.permission.ACCESS_NETWORK_STATE" />
68-->src\main\AndroidManifest.xml:47:5-78
68-->src\main\AndroidManifest.xml:47:22-76
69
70    <!-- Location (BLE scan on older APIs) -->
71    <uses-permission
71-->src\main\AndroidManifest.xml:50:5-105
72        android:name="android.permission.ACCESS_FINE_LOCATION"
72-->src\main\AndroidManifest.xml:50:22-76
73        android:maxSdkVersion="30" />
73-->src\main\AndroidManifest.xml:50:77-103
74    <uses-permission
74-->src\main\AndroidManifest.xml:51:5-107
75        android:name="android.permission.ACCESS_COARSE_LOCATION"
75-->src\main\AndroidManifest.xml:51:22-78
76        android:maxSdkVersion="30" />
76-->src\main\AndroidManifest.xml:51:79-105
77
78    <!-- Wake lock for background processing -->
79    <uses-permission android:name="android.permission.WAKE_LOCK" />
79-->src\main\AndroidManifest.xml:54:5-67
79-->src\main\AndroidManifest.xml:54:22-65
80    <uses-permission android:name="android.permission.FOREGROUND_SERVICE" />
80-->src\main\AndroidManifest.xml:55:5-76
80-->src\main\AndroidManifest.xml:55:22-74
81    <uses-permission android:name="android.permission.FOREGROUND_SERVICE_CONNECTED_DEVICE" />
81-->src\main\AndroidManifest.xml:56:5-93
81-->src\main\AndroidManifest.xml:56:22-91
82
83    <!-- Vibrate for feedback -->
84    <uses-permission android:name="android.permission.VIBRATE" />
84-->src\main\AndroidManifest.xml:59:5-65
84-->src\main\AndroidManifest.xml:59:22-63
85
86    <!-- Package visibility (Android 11+) -->
87    <queries>
87-->src\main\AndroidManifest.xml:62:5-128:15
88
89        <!-- Messaging -->
90        <package android:name="com.whatsapp" />
90-->src\main\AndroidManifest.xml:64:9-47
90-->src\main\AndroidManifest.xml:64:18-45
91        <package android:name="com.whatsapp.w4b" />
91-->src\main\AndroidManifest.xml:65:9-51
91-->src\main\AndroidManifest.xml:65:18-49
92        <package android:name="com.instagram.android" />
92-->src\main\AndroidManifest.xml:66:9-56
92-->src\main\AndroidManifest.xml:66:18-54
93        <package android:name="com.snapchat.android" />
93-->src\main\AndroidManifest.xml:67:9-55
93-->src\main\AndroidManifest.xml:67:18-53
94        <package android:name="com.facebook.orca" />
94-->src\main\AndroidManifest.xml:68:9-52
94-->src\main\AndroidManifest.xml:68:18-50
95        <package android:name="com.discord" />
95-->src\main\AndroidManifest.xml:69:9-46
95-->src\main\AndroidManifest.xml:69:18-44
96        <!-- Notes apps -->
97        <package android:name="com.samsung.android.app.notes" />
97-->src\main\AndroidManifest.xml:71:9-64
97-->src\main\AndroidManifest.xml:71:18-62
98        <package android:name="com.google.android.keep" />
98-->src\main\AndroidManifest.xml:72:9-58
98-->src\main\AndroidManifest.xml:72:18-56
99        <!-- Email -->
100        <package android:name="com.google.android.gm" />
100-->src\main\AndroidManifest.xml:74:9-56
100-->src\main\AndroidManifest.xml:74:18-54
101        <!-- Navigation -->
102        <package android:name="com.google.android.apps.maps" />
102-->src\main\AndroidManifest.xml:76:9-63
102-->src\main\AndroidManifest.xml:76:18-61
103        <package android:name="com.waze" />
103-->src\main\AndroidManifest.xml:77:9-43
103-->src\main\AndroidManifest.xml:77:18-41
104        <!-- VPN -->
105        <package android:name="com.surfshark.vpnclient.android" />
105-->src\main\AndroidManifest.xml:79:9-66
105-->src\main\AndroidManifest.xml:79:18-64
106        <package android:name="com.nordvpn.android" />
106-->src\main\AndroidManifest.xml:80:9-54
106-->src\main\AndroidManifest.xml:80:18-52
107        <!-- Streaming -->
108        <package android:name="com.spotify.music" />
108-->src\main\AndroidManifest.xml:82:9-52
108-->src\main\AndroidManifest.xml:82:18-50
109        <package android:name="com.google.android.apps.youtube.music" />
109-->src\main\AndroidManifest.xml:83:9-72
109-->src\main\AndroidManifest.xml:83:18-70
110        <package android:name="com.netflix.mediaclient" />
110-->src\main\AndroidManifest.xml:84:9-58
110-->src\main\AndroidManifest.xml:84:18-56
111        <!-- Smart Home -->
112        <package android:name="com.google.android.apps.chromecast.app" />
112-->src\main\AndroidManifest.xml:86:9-73
112-->src\main\AndroidManifest.xml:86:18-71
113        <!-- Health -->
114        <package android:name="com.google.android.apps.healthdata" />
114-->src\main\AndroidManifest.xml:88:9-69
114-->src\main\AndroidManifest.xml:88:18-67
115        <package android:name="com.google.android.apps.fitness" />
115-->src\main\AndroidManifest.xml:89:9-66
115-->src\main\AndroidManifest.xml:89:18-64
116        <package android:name="com.strava" />
116-->src\main\AndroidManifest.xml:90:9-45
116-->src\main\AndroidManifest.xml:90:18-43
117        <package android:name="com.myfitnesspal.android" />
117-->src\main\AndroidManifest.xml:91:9-59
117-->src\main\AndroidManifest.xml:91:18-57
118        <!-- Banking -->
119        <package android:name="com.revolut.revolut" />
119-->src\main\AndroidManifest.xml:93:9-54
119-->src\main\AndroidManifest.xml:93:18-52
120        <package android:name="ro.btrl.mobile" />
120-->src\main\AndroidManifest.xml:94:9-49
120-->src\main\AndroidManifest.xml:94:18-47
121        <package android:name="com.transferwise.android" />
121-->src\main\AndroidManifest.xml:95:9-59
121-->src\main\AndroidManifest.xml:95:18-57
122        <package android:name="com.paypal.android.p2pmobile" />
122-->src\main\AndroidManifest.xml:96:9-63
122-->src\main\AndroidManifest.xml:96:18-61
123        <!-- Shopping -->
124        <package android:name="com.amazon.mShoppingApp" />
124-->src\main\AndroidManifest.xml:98:9-58
124-->src\main\AndroidManifest.xml:98:18-56
125        <!-- Crypto -->
126        <package android:name="com.binance.dev" />
126-->src\main\AndroidManifest.xml:100:9-50
126-->src\main\AndroidManifest.xml:100:18-48
127        <package android:name="com.coinbase.android" />
127-->src\main\AndroidManifest.xml:101:9-55
127-->src\main\AndroidManifest.xml:101:18-53
128        <package android:name="io.metamask" />
128-->src\main\AndroidManifest.xml:102:9-46
128-->src\main\AndroidManifest.xml:102:18-44
129        <package android:name="com.wallet.crypto.trustapp" />
129-->src\main\AndroidManifest.xml:103:9-61
129-->src\main\AndroidManifest.xml:103:18-59
130        <!-- News -->
131        <package android:name="com.google.android.apps.magazines" />
131-->src\main\AndroidManifest.xml:105:9-68
131-->src\main\AndroidManifest.xml:105:18-66
132
133        <intent>
133-->src\main\AndroidManifest.xml:106:9-108:18
134            <action android:name="android.intent.action.CALL" />
134-->src\main\AndroidManifest.xml:107:13-64
134-->src\main\AndroidManifest.xml:107:21-62
135        </intent>
136        <intent>
136-->src\main\AndroidManifest.xml:109:9-112:18
137            <action android:name="android.intent.action.VIEW" />
137-->src\main\AndroidManifest.xml:110:13-64
137-->src\main\AndroidManifest.xml:110:21-62
138
139            <data android:scheme="https" />
139-->src\main\AndroidManifest.xml:111:13-43
139-->src\main\AndroidManifest.xml:111:19-41
140        </intent>
141        <intent>
141-->src\main\AndroidManifest.xml:113:9-116:18
142            <action android:name="android.intent.action.SEND" />
142-->src\main\AndroidManifest.xml:114:13-64
142-->src\main\AndroidManifest.xml:114:21-62
143
144            <data android:mimeType="text/plain" />
144-->src\main\AndroidManifest.xml:111:13-43
144-->src\main\AndroidManifest.xml:115:19-48
145        </intent>
146        <intent>
146-->src\main\AndroidManifest.xml:117:9-120:18
147            <action android:name="android.intent.action.SENDTO" />
147-->src\main\AndroidManifest.xml:118:13-66
147-->src\main\AndroidManifest.xml:118:21-64
148
149            <data android:scheme="mailto" />
149-->src\main\AndroidManifest.xml:111:13-43
149-->src\main\AndroidManifest.xml:111:19-41
150        </intent>
151        <intent>
151-->src\main\AndroidManifest.xml:121:9-124:18
152            <action android:name="android.intent.action.INSERT" />
152-->src\main\AndroidManifest.xml:122:13-66
152-->src\main\AndroidManifest.xml:122:21-64
153
154            <data android:mimeType="vnd.android.cursor.dir/event" />
154-->src\main\AndroidManifest.xml:111:13-43
154-->src\main\AndroidManifest.xml:115:19-48
155        </intent>
156        <intent>
156-->src\main\AndroidManifest.xml:125:9-127:18
157            <action android:name="android.provider.AlarmClock.SET_TIMER" />
157-->src\main\AndroidManifest.xml:126:13-75
157-->src\main\AndroidManifest.xml:126:21-73
158        </intent>
159    </queries>
160
161    <permission
161-->[androidx.core:core:1.12.0] AndroidManifest.xml:22:5-24:47
162        android:name="com.lumi.app.DYNAMIC_RECEIVER_NOT_EXPORTED_PERMISSION"
162-->[androidx.core:core:1.12.0] AndroidManifest.xml:23:9-81
163        android:protectionLevel="signature" />
163-->[androidx.core:core:1.12.0] AndroidManifest.xml:24:9-44
164
165    <uses-permission android:name="com.lumi.app.DYNAMIC_RECEIVER_NOT_EXPORTED_PERMISSION" />
165-->[androidx.core:core:1.12.0] AndroidManifest.xml:26:5-97
165-->[androidx.core:core:1.12.0] AndroidManifest.xml:26:22-94
166
167    <application
167-->src\main\AndroidManifest.xml:130:5-199:19
168        android:name="com.lumi.app.LumiApplication"
168-->src\main\AndroidManifest.xml:131:9-40
169        android:allowBackup="true"
169-->src\main\AndroidManifest.xml:132:9-35
170        android:appComponentFactory="androidx.core.app.CoreComponentFactory"
170-->[androidx.core:core:1.12.0] AndroidManifest.xml:28:18-86
171        android:debuggable="true"
172        android:extractNativeLibs="false"
173        android:icon="@mipmap/ic_launcher"
173-->src\main\AndroidManifest.xml:133:9-43
174        android:label="@string/app_name"
174-->src\main\AndroidManifest.xml:134:9-41
175        android:roundIcon="@mipmap/ic_launcher_round"
175-->src\main\AndroidManifest.xml:135:9-54
176        android:supportsRtl="true"
176-->src\main\AndroidManifest.xml:136:9-35
177        android:theme="@style/Theme.Lumi"
177-->src\main\AndroidManifest.xml:137:9-42
178        android:usesCleartextTraffic="false" >
178-->src\main\AndroidManifest.xml:138:9-45
179        <activity
179-->src\main\AndroidManifest.xml:140:9-149:20
180            android:name="com.lumi.app.MainActivity"
180-->src\main\AndroidManifest.xml:141:13-41
181            android:exported="true"
181-->src\main\AndroidManifest.xml:142:13-36
182            android:screenOrientation="portrait"
182-->src\main\AndroidManifest.xml:143:13-49
183            android:windowSoftInputMode="adjustResize" >
183-->src\main\AndroidManifest.xml:144:13-55
184            <intent-filter>
184-->src\main\AndroidManifest.xml:145:13-148:29
185                <action android:name="android.intent.action.MAIN" />
185-->src\main\AndroidManifest.xml:146:17-68
185-->src\main\AndroidManifest.xml:146:25-66
186
187                <category android:name="android.intent.category.LAUNCHER" />
187-->src\main\AndroidManifest.xml:147:17-76
187-->src\main\AndroidManifest.xml:147:27-74
188            </intent-filter>
189        </activity>
190        <activity
190-->src\main\AndroidManifest.xml:151:9-154:57
191            android:name="com.lumi.app.settings.SettingsActivity"
191-->src\main\AndroidManifest.xml:152:13-54
192            android:exported="false"
192-->src\main\AndroidManifest.xml:153:13-37
193            android:parentActivityName="com.lumi.app.MainActivity" />
193-->src\main\AndroidManifest.xml:154:13-55
194
195        <!-- Notification Listener Service -->
196        <service
196-->src\main\AndroidManifest.xml:157:9-168:19
197            android:name="com.lumi.app.notifications.LumiNotificationService"
197-->src\main\AndroidManifest.xml:158:13-66
198            android:exported="true"
198-->src\main\AndroidManifest.xml:159:13-36
199            android:label="@string/notification_listener_label"
199-->src\main\AndroidManifest.xml:160:13-64
200            android:permission="android.permission.BIND_NOTIFICATION_LISTENER_SERVICE" >
200-->src\main\AndroidManifest.xml:161:13-87
201            <intent-filter>
201-->src\main\AndroidManifest.xml:162:13-164:29
202                <action android:name="android.service.notification.NotificationListenerService" />
202-->src\main\AndroidManifest.xml:163:17-98
202-->src\main\AndroidManifest.xml:163:25-96
203            </intent-filter>
204
205            <meta-data
205-->src\main\AndroidManifest.xml:165:13-167:57
206                android:name="android.service.notification.default_filter_types"
206-->src\main\AndroidManifest.xml:166:17-81
207                android:value="conversations|alerting" />
207-->src\main\AndroidManifest.xml:167:17-55
208        </service>
209
210        <!-- Bluetooth foreground service -->
211        <service
211-->src\main\AndroidManifest.xml:171:9-174:62
212            android:name="com.lumi.app.bluetooth.LumiBluetoothService"
212-->src\main\AndroidManifest.xml:172:13-59
213            android:exported="false"
213-->src\main\AndroidManifest.xml:173:13-37
214            android:foregroundServiceType="connectedDevice" />
214-->src\main\AndroidManifest.xml:174:13-60
215
216        <!-- Timer alarm receiver -->
217        <receiver
217-->src\main\AndroidManifest.xml:177:9-183:20
218            android:name="com.lumi.app.timer.TimerReceiver"
218-->src\main\AndroidManifest.xml:178:13-48
219            android:exported="false" >
219-->src\main\AndroidManifest.xml:179:13-37
220            <intent-filter>
220-->src\main\AndroidManifest.xml:180:13-182:29
221                <action android:name="com.lumi.app.ACTION_TIMER_DONE" />
221-->src\main\AndroidManifest.xml:181:17-72
221-->src\main\AndroidManifest.xml:181:25-70
222            </intent-filter>
223        </receiver>
224
225        <!-- Accessibility service for WhatsApp reading -->
226        <service
226-->src\main\AndroidManifest.xml:186:9-197:19
227            android:name="com.lumi.app.whatsapp.LumiAccessibilityService"
227-->src\main\AndroidManifest.xml:187:13-62
228            android:exported="true"
228-->src\main\AndroidManifest.xml:188:13-36
229            android:label="Lumi Accesibilitate"
229-->src\main\AndroidManifest.xml:189:13-48
230            android:permission="android.permission.BIND_ACCESSIBILITY_SERVICE" >
230-->src\main\AndroidManifest.xml:190:13-79
231            <intent-filter>
231-->src\main\AndroidManifest.xml:191:13-193:29
232                <action android:name="android.accessibilityservice.AccessibilityService" />
232-->src\main\AndroidManifest.xml:192:17-91
232-->src\main\AndroidManifest.xml:192:25-89
233            </intent-filter>
234
235            <meta-data
235-->src\main\AndroidManifest.xml:194:13-196:71
236                android:name="android.accessibilityservice"
236-->src\main\AndroidManifest.xml:195:17-60
237                android:resource="@xml/accessibility_service_config" />
237-->src\main\AndroidManifest.xml:196:17-69
238        </service>
239
240        <provider
240-->[androidx.emoji2:emoji2:1.2.0] AndroidManifest.xml:24:9-32:20
241            android:name="androidx.startup.InitializationProvider"
241-->[androidx.emoji2:emoji2:1.2.0] AndroidManifest.xml:25:13-67
242            android:authorities="com.lumi.app.androidx-startup"
242-->[androidx.emoji2:emoji2:1.2.0] AndroidManifest.xml:26:13-68
243            android:exported="false" >
243-->[androidx.emoji2:emoji2:1.2.0] AndroidManifest.xml:27:13-37
244            <meta-data
244-->[androidx.emoji2:emoji2:1.2.0] AndroidManifest.xml:29:13-31:52
245                android:name="androidx.emoji2.text.EmojiCompatInitializer"
245-->[androidx.emoji2:emoji2:1.2.0] AndroidManifest.xml:30:17-75
246                android:value="androidx.startup" />
246-->[androidx.emoji2:emoji2:1.2.0] AndroidManifest.xml:31:17-49
247            <meta-data
247-->[androidx.lifecycle:lifecycle-process:2.7.0] AndroidManifest.xml:29:13-31:52
248                android:name="androidx.lifecycle.ProcessLifecycleInitializer"
248-->[androidx.lifecycle:lifecycle-process:2.7.0] AndroidManifest.xml:30:17-78
249                android:value="androidx.startup" />
249-->[androidx.lifecycle:lifecycle-process:2.7.0] AndroidManifest.xml:31:17-49
250            <meta-data
250-->[androidx.profileinstaller:profileinstaller:1.3.0] AndroidManifest.xml:29:13-31:52
251                android:name="androidx.profileinstaller.ProfileInstallerInitializer"
251-->[androidx.profileinstaller:profileinstaller:1.3.0] AndroidManifest.xml:30:17-85
252                android:value="androidx.startup" />
252-->[androidx.profileinstaller:profileinstaller:1.3.0] AndroidManifest.xml:31:17-49
253        </provider>
254
255        <uses-library
255-->[androidx.window:window:1.0.0] AndroidManifest.xml:25:9-27:40
256            android:name="androidx.window.extensions"
256-->[androidx.window:window:1.0.0] AndroidManifest.xml:26:13-54
257            android:required="false" />
257-->[androidx.window:window:1.0.0] AndroidManifest.xml:27:13-37
258        <uses-library
258-->[androidx.window:window:1.0.0] AndroidManifest.xml:28:9-30:40
259            android:name="androidx.window.sidecar"
259-->[androidx.window:window:1.0.0] AndroidManifest.xml:29:13-51
260            android:required="false" />
260-->[androidx.window:window:1.0.0] AndroidManifest.xml:30:13-37
261
262        <receiver
262-->[androidx.profileinstaller:profileinstaller:1.3.0] AndroidManifest.xml:34:9-52:20
263            android:name="androidx.profileinstaller.ProfileInstallReceiver"
263-->[androidx.profileinstaller:profileinstaller:1.3.0] AndroidManifest.xml:35:13-76
264            android:directBootAware="false"
264-->[androidx.profileinstaller:profileinstaller:1.3.0] AndroidManifest.xml:36:13-44
265            android:enabled="true"
265-->[androidx.profileinstaller:profileinstaller:1.3.0] AndroidManifest.xml:37:13-35
266            android:exported="true"
266-->[androidx.profileinstaller:profileinstaller:1.3.0] AndroidManifest.xml:38:13-36
267            android:permission="android.permission.DUMP" >
267-->[androidx.profileinstaller:profileinstaller:1.3.0] AndroidManifest.xml:39:13-57
268            <intent-filter>
268-->[androidx.profileinstaller:profileinstaller:1.3.0] AndroidManifest.xml:40:13-42:29
269                <action android:name="androidx.profileinstaller.action.INSTALL_PROFILE" />
269-->[androidx.profileinstaller:profileinstaller:1.3.0] AndroidManifest.xml:41:17-91
269-->[androidx.profileinstaller:profileinstaller:1.3.0] AndroidManifest.xml:41:25-88
270            </intent-filter>
271            <intent-filter>
271-->[androidx.profileinstaller:profileinstaller:1.3.0] AndroidManifest.xml:43:13-45:29
272                <action android:name="androidx.profileinstaller.action.SKIP_FILE" />
272-->[androidx.profileinstaller:profileinstaller:1.3.0] AndroidManifest.xml:44:17-85
272-->[androidx.profileinstaller:profileinstaller:1.3.0] AndroidManifest.xml:44:25-82
273            </intent-filter>
274            <intent-filter>
274-->[androidx.profileinstaller:profileinstaller:1.3.0] AndroidManifest.xml:46:13-48:29
275                <action android:name="androidx.profileinstaller.action.SAVE_PROFILE" />
275-->[androidx.profileinstaller:profileinstaller:1.3.0] AndroidManifest.xml:47:17-88
275-->[androidx.profileinstaller:profileinstaller:1.3.0] AndroidManifest.xml:47:25-85
276            </intent-filter>
277            <intent-filter>
277-->[androidx.profileinstaller:profileinstaller:1.3.0] AndroidManifest.xml:49:13-51:29
278                <action android:name="androidx.profileinstaller.action.BENCHMARK_OPERATION" />
278-->[androidx.profileinstaller:profileinstaller:1.3.0] AndroidManifest.xml:50:17-95
278-->[androidx.profileinstaller:profileinstaller:1.3.0] AndroidManifest.xml:50:25-92
279            </intent-filter>
280        </receiver>
281    </application>
282
283</manifest>